<?xml version="1.0" encoding="UTF-8"?>
<!-- Generated by org.testng.reporters.JUnitReportReporter -->
<testsuite hostname="RATAN" failures="0" tests="1" name="restAssuredMukesh.RestAssured_Get_TC001" time="3.334" errors="0" timestamp="2022-09-02T01:10:15 EDT" skipped="0">
  <testcase classname="restAssuredMukesh.RestAssured_Get_TC001" name="testTC001" time="3.334"/>
  <system-out/>
</testsuite> <!-- restAssuredMukesh.RestAssured_Get_TC001 -->
